<?xml version="1.0" encoding="UTF-8"?>
<robot generator="Robot 6.0.1 (Python 3.11.0 on win32)" generated="20221203 12:06:16.611" rpa="false" schemaversion="3">
<suite id="s1" name="Demosite" source="H:\Robot framework practice\practice1\demosite.robot">
<test id="s1-t1" name="Testcase" line="51">
<kw name="opening a url">
<kw name="Open Browser" library="SeleniumLibrary">
<arg>${url}</arg>
<arg>${browser}</arg>
<doc>Opens a new browser instance to the optional ``url``.</doc>
<msg timestamp="20221203 12:06:17.138" level="INFO">Opening browser 'chrome' to base url 'https://dineshvelhal.github.io/testautomation-playground/login.html'.</msg>
<status status="PASS" starttime="20221203 12:06:17.137" endtime="20221203 12:06:22.835"/>
</kw>
<kw name="Maximize Browser Window" library="SeleniumLibrary">
<doc>Maximizes current browser window.</doc>
<status status="PASS" starttime="20221203 12:06:22.835" endtime="20221203 12:06:23.068"/>
</kw>
<kw name="Click Element" library="SeleniumLibrary">
<arg>${username}</arg>
<doc>Click the element identified by ``locator``.</doc>
<msg timestamp="20221203 12:06:23.070" level="INFO">Clicking element 'xpath = //*[@placeholder='Username']'.</msg>
<status status="PASS" starttime="20221203 12:06:23.068" endtime="20221203 12:06:23.218"/>
</kw>
<kw name="Input Text" library="SeleniumLibrary">
<arg>${username}</arg>
<arg>${uname}</arg>
<doc>Types the given ``text`` into the text field identified by ``locator``.</doc>
<msg timestamp="20221203 12:06:23.221" level="INFO">Typing text 'admin' into text field 'xpath = //*[@placeholder='Username']'.</msg>
<status status="PASS" starttime="20221203 12:06:23.219" endtime="20221203 12:06:23.437"/>
</kw>
<kw name="Click Element" library="SeleniumLibrary">
<arg>${password}</arg>
<doc>Click the element identified by ``locator``.</doc>
<msg timestamp="20221203 12:06:23.439" level="INFO">Clicking element 'xpath = //*[@placeholder='Password']'.</msg>
<status status="PASS" starttime="20221203 12:06:23.437" endtime="20221203 12:06:23.553"/>
</kw>
<kw name="Input Password" library="SeleniumLibrary">
<arg>${password}</arg>
<arg>${pwd}</arg>
<doc>Types the given password into the text field identified by ``locator``.</doc>
<msg timestamp="20221203 12:06:23.556" level="INFO">Typing password into text field 'xpath = //*[@placeholder='Password']'.</msg>
<msg timestamp="20221203 12:06:23.632" level="INFO">Temporally setting log level to: NONE</msg>
<msg timestamp="20221203 12:06:23.711" level="INFO">Log level changed from NONE to INFO.</msg>
<status status="PASS" starttime="20221203 12:06:23.553" endtime="20221203 12:06:23.711"/>
</kw>
<kw name="Click Button" library="SeleniumLibrary">
<arg>${btn}</arg>
<doc>Clicks the button identified by ``locator``.</doc>
<msg timestamp="20221203 12:06:23.712" level="INFO">Clicking button 'xpath = //*[@id='login']'.</msg>
<status status="PASS" starttime="20221203 12:06:23.712" endtime="20221203 12:06:26.397"/>
</kw>
<status status="PASS" starttime="20221203 12:06:17.136" endtime="20221203 12:06:26.397"/>
</kw>
<kw name="Adding details">
<kw name="Click Element" library="SeleniumLibrary">
<arg>${psize}</arg>
<doc>Click the element identified by ``locator``.</doc>
<msg timestamp="20221203 12:06:26.401" level="INFO">Clicking element 'xpath = //input[@value='MEDIUM']'.</msg>
<status status="PASS" starttime="20221203 12:06:26.401" endtime="20221203 12:06:26.498"/>
</kw>
<kw name="Click Element" library="SeleniumLibrary">
<arg>${souce}</arg>
<doc>Click the element identified by ``locator``.</doc>
<msg timestamp="20221203 12:06:26.499" level="INFO">Clicking element 'xpath = //input[@value='BARBEQUE']'.</msg>
<status status="PASS" starttime="20221203 12:06:26.499" endtime="20221203 12:06:26.648"/>
</kw>
<kw name="Select Checkbox" library="SeleniumLibrary">
<arg>${toppings}</arg>
<doc>Selects the checkbox identified by ``locator``.</doc>
<msg timestamp="20221203 12:06:26.649" level="INFO">Selecting checkbox 'xpath = //input[@id='onions']'.</msg>
<status status="PASS" starttime="20221203 12:06:26.648" endtime="20221203 12:06:26.863"/>
</kw>
<kw name="Wait Until Page Contains Element" library="SeleniumLibrary">
<arg>${select}</arg>
<arg>5</arg>
<doc>Waits until the element ``locator`` appears on the current page.</doc>
<status status="PASS" starttime="20221203 12:06:26.863" endtime="20221203 12:06:26.893"/>
</kw>
<kw name="Click Element" library="SeleniumLibrary">
<arg>${select}</arg>
<doc>Click the element identified by ``locator``.</doc>
<msg timestamp="20221203 12:06:26.894" level="INFO">Clicking element 'xpath = //*[@id='select_flavor']'.</msg>
<status status="PASS" starttime="20221203 12:06:26.893" endtime="20221203 12:06:27.101"/>
</kw>
<kw name="Select From List By Index" library="SeleniumLibrary">
<arg>${select}</arg>
<arg>2</arg>
<doc>Selects options from selection list ``locator`` by ``indexes``.</doc>
<msg timestamp="20221203 12:06:27.104" level="INFO">Selecting options from selection list 'xpath = //*[@id='select_flavor']' by index 2.</msg>
<status status="PASS" starttime="20221203 12:06:27.101" endtime="20221203 12:06:27.403"/>
</kw>
<kw name="Wait Until Page Contains Element" library="SeleniumLibrary">
<arg>${quantity}</arg>
<arg>5</arg>
<doc>Waits until the element ``locator`` appears on the current page.</doc>
<status status="PASS" starttime="20221203 12:06:27.403" endtime="20221203 12:06:27.430"/>
</kw>
<kw name="Click Element" library="SeleniumLibrary">
<arg>${quantity}</arg>
<doc>Click the element identified by ``locator``.</doc>
<msg timestamp="20221203 12:06:27.432" level="INFO">Clicking element 'xpath = //*[@id='quantity']'.</msg>
<status status="PASS" starttime="20221203 12:06:27.430" endtime="20221203 12:06:27.786"/>
</kw>
<kw name="Input Text" library="SeleniumLibrary">
<arg>${quantity}</arg>
<arg>${qua}</arg>
<doc>Types the given ``text`` into the text field identified by ``locator``.</doc>
<msg timestamp="20221203 12:06:27.788" level="INFO">Typing text '3' into text field 'xpath = //*[@id='quantity']'.</msg>
<status status="PASS" starttime="20221203 12:06:27.786" endtime="20221203 12:06:27.908"/>
</kw>
<kw name="Wait Until Page Contains Element" library="SeleniumLibrary">
<arg>${button}</arg>
<arg>10</arg>
<doc>Waits until the element ``locator`` appears on the current page.</doc>
<status status="PASS" starttime="20221203 12:06:27.908" endtime="20221203 12:06:27.927"/>
</kw>
<kw name="Click Button" library="SeleniumLibrary">
<arg>${button}</arg>
<doc>Clicks the button identified by ``locator``.</doc>
<msg timestamp="20221203 12:06:27.928" level="INFO">Clicking button 'xpath = //*[@name='submit_button']'.</msg>
<status status="PASS" starttime="20221203 12:06:27.927" endtime="20221203 12:06:28.039"/>
</kw>
<kw name="Log To Console" library="BuiltIn">
<arg>${text}</arg>
<doc>Logs the given message to the console.</doc>
<status status="PASS" starttime="20221203 12:06:28.039" endtime="20221203 12:06:28.040"/>
</kw>
<status status="PASS" starttime="20221203 12:06:26.399" endtime="20221203 12:06:28.040"/>
</kw>
<status status="PASS" starttime="20221203 12:06:17.134" endtime="20221203 12:06:28.041"/>
</test>
<status status="PASS" starttime="20221203 12:06:16.613" endtime="20221203 12:06:28.044"/>
</suite>
<statistics>
<total>
<stat pass="1" fail="0" skip="0">All Tests</stat>
</total>
<tag>
</tag>
<suite>
<stat pass="1" fail="0" skip="0" id="s1" name="Demosite">Demosite</stat>
</suite>
</statistics>
<errors>
</errors>
</robot>
