<?xml version="1.0" encoding="UTF-8"?>
<robot generator="Robot 6.0.2 (Python 3.11.0 on win32)" generated="20230303 13:22:58.506" rpa="false" schemaversion="3">
<suite id="s1" name="Task4" source="H:\Robot framework practice\task\task4.robot">
<test id="s1-t1" name="open application" line="16">
<kw name="Open Application" library="AppiumLibrary">
<arg>http://localhost:4723/wd/hub</arg>
<arg>platformName=Android</arg>
<arg>deviceName=emulator-5554</arg>
<arg>appPackage=com.android.chrome</arg>
<arg>appActivity=org.chromium.chrome.browser.ChromeTabbedActivity</arg>
<arg>automationName=Uiautomator2</arg>
<doc>Opens a new application to given Appium server.
Capabilities of appium server, Android and iOS,
Please check https://github.com/appium/appium/blob/master/docs/en/writing-running-appium/server-args.md
| *Option*            | *Man.* | *Description*     |
| remote_url          | Yes    | Appium server url |
| alias               | no     | alias             |
| strict_ssl          | No     | allows you to send commands to an invalid certificate host like a self-signed one. |</doc>
<status status="PASS" starttime="20230303 13:23:07.822" endtime="20230303 13:23:42.780"/>
</kw>
<kw name="Log To Console" library="BuiltIn">
<arg>${titl}</arg>
<doc>Logs the given message to the console.</doc>
<status status="PASS" starttime="20230303 13:23:42.784" endtime="20230303 13:23:42.788"/>
</kw>
<kw name="Sleep" library="BuiltIn">
<arg>10s</arg>
<doc>Pauses the test executed for the given time.</doc>
<msg timestamp="20230303 13:23:52.791" level="INFO">Slept 10 seconds</msg>
<status status="PASS" starttime="20230303 13:23:42.789" endtime="20230303 13:23:52.792"/>
</kw>
<kw name="Go To" library="SeleniumLibrary">
<arg>https://www.flipkart.com</arg>
<doc>Navigates the current browser window to the provided ``url``.</doc>
<msg timestamp="20230303 13:23:52.795" level="INFO">Opening url 'https://www.flipkart.com'</msg>
<msg timestamp="20230303 13:23:52.796" level="INFO">Cannot capture screenshot because no browser is open.</msg>
<msg timestamp="20230303 13:23:52.798" level="FAIL">No browser is open.</msg>
<status status="FAIL" starttime="20230303 13:23:52.793" endtime="20230303 13:23:52.854"/>
</kw>
<kw name="Get Window Title" library="AppiumLibrary">
<var>${title}</var>
<doc>Get the current Webview window title.</doc>
<status status="NOT RUN" starttime="20230303 13:23:52.855" endtime="20230303 13:23:52.856"/>
</kw>
<kw name="Log To Console" library="BuiltIn">
<arg>${title}</arg>
<doc>Logs the given message to the console.</doc>
<status status="NOT RUN" starttime="20230303 13:23:52.857" endtime="20230303 13:23:52.857"/>
</kw>
<status status="FAIL" starttime="20230303 13:23:07.819" endtime="20230303 13:23:52.858">No browser is open.</status>
</test>
<status status="FAIL" starttime="20230303 13:22:58.512" endtime="20230303 13:23:52.870"/>
</suite>
<statistics>
<total>
<stat pass="0" fail="1" skip="0">All Tests</stat>
</total>
<tag>
</tag>
<suite>
<stat pass="0" fail="1" skip="0" id="s1" name="Task4">Task4</stat>
</suite>
</statistics>
<errors>
</errors>
</robot>
