<?xml version="1.0" encoding="UTF-8"?>
<robot generator="Robot 6.0.1 (Python 3.11.0 on win32)" generated="20230301 17:49:29.748" rpa="false" schemaversion="3">
<suite id="s1" name="Orangehrm" source="H:\Robot framework practice\practice1\testcases\orangehrm.robot">
<test id="s1-t1" name="login page verifying" line="6">
<kw name="Checking login feature" library="orangehrm">
<kw name="Open Browser" library="SeleniumLibrary">
<arg>${url1}</arg>
<arg>${browser1}</arg>
<doc>Opens a new browser instance to the optional ``url``.</doc>
<msg timestamp="20230301 17:49:30.344" level="INFO">Opening browser 'gc' to base url 'https://opensource-demo.orangehrmlive.com/web/index.php/auth/login'.</msg>
<status status="PASS" starttime="20230301 17:49:30.343" endtime="20230301 17:49:46.084"/>
</kw>
<kw name="Maximize Browser Window" library="SeleniumLibrary">
<doc>Maximizes current browser window.</doc>
<status status="PASS" starttime="20230301 17:49:46.084" endtime="20230301 17:49:46.222"/>
</kw>
<kw name="Wait Until Page Contains Element" library="SeleniumLibrary">
<arg>${name1}</arg>
<arg>5</arg>
<doc>Waits until the element ``locator`` appears on the current page.</doc>
<status status="PASS" starttime="20230301 17:49:46.222" endtime="20230301 17:49:47.815"/>
</kw>
<kw name="Click Element" library="SeleniumLibrary">
<arg>${name1}</arg>
<doc>Click the element identified by ``locator``.</doc>
<msg timestamp="20230301 17:49:47.817" level="INFO">Clicking element 'xpath = //*[@name='username']'.</msg>
<status status="PASS" starttime="20230301 17:49:47.815" endtime="20230301 17:49:48.316"/>
</kw>
<kw name="Input Text" library="SeleniumLibrary">
<arg>${name1}</arg>
<arg>${data1}</arg>
<doc>Types the given ``text`` into the text field identified by ``locator``.</doc>
<msg timestamp="20230301 17:49:48.319" level="INFO">Typing text 'Admin' into text field 'xpath = //*[@name='username']'.</msg>
<status status="PASS" starttime="20230301 17:49:48.317" endtime="20230301 17:49:48.697"/>
</kw>
<kw name="Wait Until Page Contains Element" library="SeleniumLibrary">
<arg>${pwd}</arg>
<arg>5</arg>
<doc>Waits until the element ``locator`` appears on the current page.</doc>
<status status="PASS" starttime="20230301 17:49:48.697" endtime="20230301 17:49:48.727"/>
</kw>
<kw name="Click Element" library="SeleniumLibrary">
<arg>${pwd}</arg>
<doc>Click the element identified by ``locator``.</doc>
<msg timestamp="20230301 17:49:48.729" level="INFO">Clicking element 'xpath = //*[@name='password']'.</msg>
<status status="PASS" starttime="20230301 17:49:48.728" endtime="20230301 17:49:48.840"/>
</kw>
<kw name="Input Password" library="SeleniumLibrary">
<arg>${pwd}</arg>
<arg>${data2}</arg>
<doc>Types the given password into the text field identified by ``locator``.</doc>
<msg timestamp="20230301 17:49:48.841" level="INFO">Typing password into text field 'xpath = //*[@name='password']'.</msg>
<msg timestamp="20230301 17:49:48.912" level="INFO">Temporally setting log level to: NONE</msg>
<msg timestamp="20230301 17:49:49.017" level="INFO">Log level changed from NONE to INFO.</msg>
<status status="PASS" starttime="20230301 17:49:48.840" endtime="20230301 17:49:49.017"/>
</kw>
<kw name="Wait Until Page Contains Element" library="SeleniumLibrary">
<arg>${btn}</arg>
<arg>10</arg>
<doc>Waits until the element ``locator`` appears on the current page.</doc>
<status status="PASS" starttime="20230301 17:49:49.017" endtime="20230301 17:49:49.043"/>
</kw>
<kw name="Click Button" library="SeleniumLibrary">
<arg>${btn}</arg>
<doc>Clicks the button identified by ``locator``.</doc>
<msg timestamp="20230301 17:49:49.044" level="INFO">Clicking button 'xpath = //*[@type='submit']'.</msg>
<status status="PASS" starttime="20230301 17:49:49.043" endtime="20230301 17:49:50.861"/>
</kw>
<kw name="Wait Until Page Contains Element" library="SeleniumLibrary">
<arg>${dropdown}</arg>
<arg>10</arg>
<doc>Waits until the element ``locator`` appears on the current page.</doc>
<status status="PASS" starttime="20230301 17:49:50.861" endtime="20230301 17:49:51.679"/>
</kw>
<status status="PASS" starttime="20230301 17:49:30.342" endtime="20230301 17:49:51.680"/>
</kw>
<status status="PASS" starttime="20230301 17:49:30.339" endtime="20230301 17:49:51.686"/>
</test>
<status status="PASS" starttime="20230301 17:49:29.751" endtime="20230301 17:49:51.710"/>
</suite>
<statistics>
<total>
<stat pass="1" fail="0" skip="0">All Tests</stat>
</total>
<tag>
</tag>
<suite>
<stat pass="1" fail="0" skip="0" id="s1" name="Orangehrm">Orangehrm</stat>
</suite>
</statistics>
<errors>
</errors>
</robot>
